<?xml version="1.0" encoding="UTF-8"?>
<!-- Generated by org.testng.reporters.JUnitReportReporter -->
<testsuite hostname="DESKTOP-33IJR0N" name="Test_test" tests="2" failures="0" timestamp="7 Jun 2019 16:53:05 GMT" time="0.019" errors="0">
  <testcase name="Test2" time="0.011" classname="Test_test"/>
  <testcase name="Test1" time="0.008" classname="Test_test"/>
</testsuite> <!-- Test_test -->
