<?xml version="1.0" encoding="UTF-8"?>
<!-- Generated by org.testng.reporters.JUnitReportReporter -->
<testsuite hostname="DESKTOP-33IJR0N" name="My_Project.Test_test" tests="1" failures="0" timestamp="8 Jun 2019 06:04:51 GMT" time="0.002" errors="0">
  <testcase name="Test3" time="0.002" classname="My_Project.Test_test"/>
</testsuite> <!-- My_Project.Test_test -->
